<?xml version="1.0" encoding="UTF-8"?>
<!-- Generated by org.testng.reporters.JUnitXMLReporter -->
<testsuite hostname="Murats-MacBook-Pro.local" ignored="0" name="test 1" tests="6" failures="0" timestamp="06 Dec 2017 05:23:17 GMT" time="76.883" errors="0">
  <testcase name="rightCredentialsTest" time="2.968" classname="com.prestashop.tests.login.PositiveSignInTests"/>
  <testcase name="invalidEmail" time="1.267" classname="com.prestashop.tests.login.NegativeSignInTests"/>
  <testcase name="invalidPassword" time="1.325" classname="com.prestashop.tests.login.NegativeSignInTests"/>
  <testcase name="noEmailTest" time="0.849" classname="com.prestashop.tests.login.NegativeSignInTests"/>
  <testcase name="noPasswordTest" time="1.039" classname="com.prestashop.tests.login.NegativeSignInTests"/>
  <testcase name="wrongCredentialsTest" time="1.02" classname="com.prestashop.tests.login.NegativeSignInTests"/>
</testsuite> <!-- test 1 -->
