<?xml version="1.0" encoding="UTF-8"?>
<!-- Generated by org.testng.reporters.JUnitXMLReporter -->
<testsuite hostname="Murats-MBP" ignored="0" name="Smoke test" tests="5" failures="0" timestamp="06 Dec 2017 23:40:21 GMT" time="60.093" errors="0">
  <testcase name="invalidEmail" time="1.123" classname="com.prestashop.tests.login.NegativeSignInTests"/>
  <testcase name="invalidPassword" time="1.123" classname="com.prestashop.tests.login.NegativeSignInTests"/>
  <testcase name="noEmailTest" time="0.91" classname="com.prestashop.tests.login.NegativeSignInTests"/>
  <testcase name="noPasswordTest" time="0.916" classname="com.prestashop.tests.login.NegativeSignInTests"/>
  <testcase name="wrongCredentialsTest" time="1.123" classname="com.prestashop.tests.login.NegativeSignInTests"/>
</testsuite> <!-- Smoke test -->
