<?xml version="1.0" encoding="UTF-8"?>
<!-- Generated by org.testng.reporters.JUnitXMLReporter -->
<testsuite hostname="Murats-MacBook-Pro.local" ignored="0" name="Smoke test using chrome" tests="2" failures="0" timestamp="18 Jan 2018 23:23:28 GMT" time="12.29" errors="0">
  <testcase name="rightCredentialsTest" time="2.332" classname="com.prestashop.tests.login.PositiveSignInTests"/>
  <testcase name="simpleCheckOutTest" time="1.123" classname="com.prestashop.tests.checkout.SimpleCheckOutTest"/>
</testsuite> <!-- Smoke test using chrome -->
