<?xml version="1.0" encoding="UTF-8"?>
<!-- Generated by org.testng.reporters.JUnitXMLReporter -->
<testsuite hostname="Murats-MacBook-Pro.local" ignored="0" name="Smoke test using firefox" tests="2" failures="0" timestamp="18 Jan 2018 23:23:41 GMT" time="12.964" errors="0">
  <testcase name="rightCredentialsTest" time="2.186" classname="com.prestashop.tests.login.PositiveSignInTests"/>
  <testcase name="simpleCheckOutTest" time="1.176" classname="com.prestashop.tests.checkout.SimpleCheckOutTest"/>
</testsuite> <!-- Smoke test using firefox -->
