<?xml version="1.0" encoding="UTF-8"?>
<!-- Generated by org.testng.reporters.JUnitXMLReporter -->
<testsuite hostname="Murats-MBP" ignored="0" name="Parameter test" tests="1" failures="0" timestamp="06 Dec 2017 22:58:43 GMT" time="0.032" errors="0">
  <testcase name="@BeforeMethod setUpTests" time="0.003" classname="com.prestashop.tests.login.PositiveSignInTests">
    <failure type="java.lang.NullPointerException">
      <![CDATA[java.lang.NullPointerExceptionat com.prestashop.tests.login.PositiveSignInTests.setUpTests(PositiveSignInTests.java:33)... Removed 28 stack frames]]>
    </failure>
  </testcase> <!-- @BeforeMethod setUpTests -->
  <testcase name="@AfterMethod close" time="0.0" classname="com.prestashop.tests.login.PositiveSignInTests">
    <skipped/>
  </testcase> <!-- @AfterMethod close -->
  <testcase name="rightCredentialsTest" time="0.0" classname="com.prestashop.tests.login.PositiveSignInTests">
    <skipped/>
  </testcase> <!-- rightCredentialsTest -->
</testsuite> <!-- Parameter test -->
