<?xml version="1.0" encoding="UTF-8"?>
<!-- Generated by org.testng.reporters.JUnitXMLReporter -->
<testsuite hostname="Murats-MBP" ignored="0" name="Parameters test" tests="2" failures="0" timestamp="06 Dec 2017 23:21:55 GMT" time="13.791" errors="0">
  <testcase name="rightCredentialsTest" time="2.541" classname="com.prestashop.tests.login.PositiveSignInTests"/>
  <testcase name="simpleCheckOutTest" time="1.283" classname="com.prestashop.tests.checkout.SimpleCheckOutTest"/>
</testsuite> <!-- Parameters test -->
